<html>
<body>
<pre>
<h1>µVision Build Log</h1>
<h2>Tool Versions:</h2>
IDE-Version: µVision V5.38.0.0
Copyright (C) 2022 ARM Ltd and ARM Germany GmbH. All rights reserved.
License Information: kaushik h, texmo industries, LIC=----
 
Tool Versions:
Toolchain:       PK51 Prof. Develpers Kit  Version: 9.60.7.0
Toolchain Path:  C:\Keil_v5\C51\BIN
C Compiler:      C51.exe V9.60.7.0
Assembler:       A51.exe V8.2.7.0
Linker/Locator:  BL51.exe V6.22.4.0
Library Manager: LIB51.exe V4.30.1.0
Hex Converter:   OH51.exe V2.7.0.0
CPU DLL:         S8051.DLL V3.125.1.0
Dialog DLL:      DP51.DLL V2.69.0.0 
<h2>Project:</h2>
D:\embedded systems\microcontrollers\at89c51\4x4 keypad with lcd display\4x4 display.uvproj
Project File Date:  10/24/2024

<h2>Output:</h2>
Build target 'Target 1'
compiling pat.c...
pat.c(141): error C101: ''1': invalid character constant
pat.c(141): error C141: syntax error near '0', expected ';'
pat.c(141): error C101: '';': invalid character constant
pat.c(141): error C141: syntax error near '';', expected ';'
pat.c(142): error C141: syntax error near '}', expected ';'
pat.c(147): error C101: ''1': invalid character constant
pat.c(147): error C141: syntax error near '1', expected ';'
pat.c(147): error C101: '';': invalid character constant
pat.c(147): error C141: syntax error near '';', expected ';'
pat.c(148): error C141: syntax error near '}', expected ';'
pat.c(154): error C101: ''1': invalid character constant
pat.c(154): error C141: syntax error near '2', expected ';'
pat.c(154): error C101: '';': invalid character constant
pat.c(154): error C141: syntax error near '';', expected ';'
pat.c(155): error C141: syntax error near '}', expected ';'
pat.c(160): error C101: ''1': invalid character constant
pat.c(160): error C141: syntax error near '3', expected ';'
pat.c(160): error C101: '';': invalid character constant
pat.c(160): error C141: syntax error near '';', expected ';'
pat.c(161): error C141: syntax error near '}', expected ';'
pat.c(166): error C101: ''1': invalid character constant
pat.c(166): error C141: syntax error near '4', expected ';'
pat.c(166): error C101: '';': invalid character constant
pat.c(166): error C141: syntax error near '';', expected ';'
pat.c(167): error C141: syntax error near '}', expected ';'
pat.c(172): error C101: ''1': invalid character constant
pat.c(172): error C141: syntax error near '5', expected ';'
pat.c(172): error C101: '';': invalid character constant
pat.c(172): error C141: syntax error near '';', expected ';'
pat.c(173): error C141: syntax error near '}', expected ';'
pat.c(174): error C101: ''1': invalid character constant
pat.c(174): error C141: syntax error near '6', expected ';'
pat.c(174): error C101: '';': invalid character constant
pat.c(174): error C141: syntax error near '';', expected ';'
pat.c(175): error C141: syntax error near '}', expected ';'
pat.c(178): error C101: ''1': invalid character constant
pat.c(178): error C141: syntax error near '6', expected ';'
pat.c(178): error C101: '';': invalid character constant
pat.c(179): error C101: ''1': invalid character constant
pat.c(179): error C101: '')': invalid character constant
pat.c(180): error C231: 'key': redefinition
Target not created.
Build Time Elapsed:  00:00:00
</pre>
</body>
</html>
